<?xml version="1.0" encoding="UTF-8"?>
<!-- Generated by org.testng.reporters.JUnitXMLReporter -->
<testsuite ignored="0" hostname="pavilion360" failures="0" tests="1" name="Test-Runner-2" time="34.446" errors="0" timestamp="2023-07-25T20:31:45 IST">
  <testcase classname="vtiger.Pratice.CreateOrgWithIndustryTest" name="CreateOrgWithIndustryTest" time="34.398"/>
</testsuite> <!-- Test-Runner-2 -->
