<?xml version="1.0" encoding="UTF-8"?>
<!-- Generated by org.testng.reporters.JUnitXMLReporter -->
<testsuite ignored="0" hostname="pavilion360" failures="1" tests="1" name="Test-Firefox" time="0.049" errors="0" timestamp="2023-07-26T14:21:43 IST">
  <testcase classname="vTigerOraganization.CreateMultipleOrgWithIndustryTest" name="createMultipleOrgTest" time="0.0">
    <failure type="java.lang.RuntimeException" message="java.io.FileNotFoundException: Iconstant.excelfilepath (The system cannot find the file specified)">
      <![CDATA[java.lang.RuntimeException: java.io.FileNotFoundException: Iconstant.excelfilepath (The system cannot find the file specified)
at java.base/java.util.ArrayList.forEach(ArrayList.java:1511)
at java.base/java.util.concurrent.FutureTask.run(FutureTask.java:317)
at java.base/java.util.concurrent.ThreadPoolExecutor.runWorker(ThreadPoolExecutor.java:1144)
at java.base/java.util.concurrent.ThreadPoolExecutor$Worker.run(ThreadPoolExecutor.java:642)
at java.base/java.lang.Thread.run(Thread.java:1589)
Caused by: java.io.FileNotFoundException: Iconstant.excelfilepath (The system cannot find the file specified)
at java.base/java.io.FileInputStream.open0(Native Method)
at java.base/java.io.FileInputStream.open(FileInputStream.java:219)
at java.base/java.io.FileInputStream.<init>(FileInputStream.java:158)
at java.base/java.io.FileInputStream.<init>(FileInputStream.java:112)
at vtiger.GenericUtility.ExcelFileUtility.readMultipleData(ExcelFileUtility.java:69)
at vTigerOraganization.CreateMultipleOrgWithIndustryTest.getData(CreateMultipleOrgWithIndustryTest.java:65)
... 19 more
... Removed 20 stack frames]]>
    </failure>
  </testcase> <!-- createMultipleOrgTest -->
</testsuite> <!-- Test-Firefox -->
