<?xml version="1.0" encoding="UTF-8"?>
<!-- Generated by org.testng.reporters.JUnitXMLReporter -->
<testsuite ignored="0" hostname="pavilion360" failures="0" tests="1" name="Test-Runner-1" time="35.947" errors="0" timestamp="2023-07-25T20:31:46 IST">
  <testcase classname="vTigerOraganization.CreateOrgWithIndustryUsingDDTest" name="CreateOrgWithIndustryUsingDDTest" time="20.161"/>
</testsuite> <!-- Test-Runner-1 -->
