<?xml version="1.0" encoding="UTF-8"?>
<!-- Generated by org.testng.reporters.JUnitReportReporter -->
<testsuite hostname="pavilion360" failures="0" tests="1" name="vTigerOraganization.CreateOrgWithIndustryUsingDDTest" time="30.009" errors="0" timestamp="2023-07-25T20:31:46 IST" skipped="0">
  <testcase classname="vTigerOraganization.CreateOrgWithIndustryUsingDDTest" name="CreateOrgWithIndustryUsingDDTest" time="30.009"/>
</testsuite> <!-- vTigerOraganization.CreateOrgWithIndustryUsingDDTest -->
