<?xml version="1.0" encoding="UTF-8"?>
<!-- Generated by org.testng.reporters.JUnitReportReporter -->
<testsuite hostname="pavilion360" failures="0" tests="1" name="vtiger.Pratice.CustomerDropdownOrgTest" time="123.338" errors="0" timestamp="2023-08-11T20:31:05 IST" skipped="0">
  <testcase classname="vtiger.Pratice.CustomerDropdownOrgTest" name="CustomerDropdownOrgTest" time="123.338"/>
</testsuite> <!-- vtiger.Pratice.CustomerDropdownOrgTest -->
