<?xml version="1.0" encoding="UTF-8"?>
<!-- Generated by org.testng.reporters.JUnitReportReporter -->
<testsuite hostname="pavilion360" failures="0" tests="1" name="vtiger.Pratice.CustomerDropdownOrgTest" time="25.470" errors="0" timestamp="2023-07-17T20:16:38 IST" skipped="0">
  <testcase classname="vtiger.Pratice.CustomerDropdownOrgTest" name="CustomerDropdownOrgTest" time="25.470"/>
  <system-out/>
</testsuite> <!-- vtiger.Pratice.CustomerDropdownOrgTest -->
