<?xml version="1.0" encoding="UTF-8"?>
<!-- Generated by org.testng.reporters.JUnitReportReporter -->
<testsuite hostname="pavilion360" failures="0" tests="1" name="vtiger.Pratice.CreateOrgWithIndustryUsingDDTest" time="96.995" errors="0" timestamp="2023-07-17T20:10:55 IST" skipped="0">
  <testcase classname="vtiger.Pratice.CreateOrgWithIndustryUsingDDTest" name="CreateOrgWithIndustryUsingDDTest" time="96.995"/>
  <system-out/>
</testsuite> <!-- vtiger.Pratice.CreateOrgWithIndustryUsingDDTest -->
