<?xml version="1.0" encoding="UTF-8"?>
<!-- Generated by org.testng.reporters.JUnitReportReporter -->
<testsuite hostname="pavilion360" failures="0" tests="1" name="vtiger.Pratice.ReadDataFromCmdLine" time="0.009" errors="0" timestamp="2023-08-01T19:58:40 IST" skipped="0">
  <testcase classname="vtiger.Pratice.ReadDataFromCmdLine" name="read" time="0.009"/>
</testsuite> <!-- vtiger.Pratice.ReadDataFromCmdLine -->
