<?xml version="1.0" encoding="UTF-8"?>
<!-- Generated by org.testng.reporters.JUnitReportReporter -->
<testsuite hostname="pavilion360" failures="0" tests="3" name="vtiger.Pratice.TestNGPratice" time="0.014" errors="0" timestamp="2023-07-19T11:19:02 IST" skipped="0">
  <testcase classname="vtiger.Pratice.TestNGPratice" name="ModifyCustomer" time="0.002"/>
  <system-out/>
  <testcase classname="vtiger.Pratice.TestNGPratice" name="DeleteCustomer" time="0.002"/>
  <system-out/>
  <testcase classname="vtiger.Pratice.TestNGPratice" name="CreateCustomer" time="0.010"/>
  <system-out/>
</testsuite> <!-- vtiger.Pratice.TestNGPratice -->
