<?xml version="1.0" encoding="UTF-8"?>
<!-- Generated by org.testng.reporters.JUnitReportReporter -->
<testsuite hostname="pavilion360" failures="0" tests="1" name="vtiger.Pratice.CreateOrgWithIndustryTest" time="26.422" errors="0" timestamp="2023-07-26T14:22:10 IST" skipped="0">
  <testcase classname="vtiger.Pratice.CreateOrgWithIndustryTest" name="CreateOrgWithIndustryTest" time="26.422"/>
</testsuite> <!-- vtiger.Pratice.CreateOrgWithIndustryTest -->
